[15-Apr-2018 11:57:31] PHP Warning:  pg_query(): Query failed: ERROR:  column "q1" is of type boolean but expression is of type integer
LINE 1: INSERT INTO data values('42',1,'1-3',1,'week','social');
                                     ^
HINT:  You will need to rewrite or cast the expression. in /home/foodpantry/public_html/StudentReg.php on line 111
[15-Apr-2018 11:58:53] PHP Warning:  pg_query(): Query failed: ERROR:  invalid input syntax for integer: ""
LINE 1: insert into data values ('', true, 'test',true ,'test','test...
                                 ^ in /home/foodpantry/public_html/StudentReg.php on line 111
[15-Apr-2018 12:07:25] PHP Warning:  pg_query(): Query failed: ERROR:  column "q1" is of type boolean but expression is of type integer
LINE 1: INSERT INTO data values('46',1,'3-6',false,'month','email');
                                     ^
HINT:  You will need to rewrite or cast the expression. in /home/foodpantry/public_html/StudentReg.php on line 113
[15-Apr-2018 12:31:04] PHP Warning:  pg_query(): Query failed: ERROR:  duplicate key value violates unique constraint "users_csub_id_key" in /home/foodpantry/public_html/StudentReg.php on line 84
[15-Apr-2018 12:31:21] PHP Warning:  pg_query(): Query failed: ERROR:  duplicate key value violates unique constraint "users_csub_id_key" in /home/foodpantry/public_html/StudentReg.php on line 84
[15-Apr-2018 12:37:04] PHP Warning:  pg_query(): Query failed: ERROR:  duplicate key value violates unique constraint "users_csub_id_key" in /home/foodpantry/public_html/StudentReg.php on line 84
[15-Apr-2018 12:43:56] PHP Warning:  pg_query(): Query failed: ERROR:  duplicate key value violates unique constraint "users_csub_id_key" in /home/foodpantry/public_html/StudentReg.php on line 84
[15-Apr-2018 12:47:32] PHP Warning:  pg_query(): Query failed: ERROR:  duplicate key value violates unique constraint "users_csub_id_key" in /home/foodpantry/public_html/StudentReg.php on line 84
[15-Apr-2018 12:47:57] PHP Warning:  pg_query(): Query failed: ERROR:  duplicate key value violates unique constraint "users_csub_id_key" in /home/foodpantry/public_html/StudentReg.php on line 84
[15-Apr-2018 12:49:26] PHP Warning:  pg_query(): Query failed: ERROR:  duplicate key value violates unique constraint "users_csub_id_key" in /home/foodpantry/public_html/StudentReg.php on line 84
[15-Apr-2018 12:49:28] PHP Warning:  pg_query(): Query failed: ERROR:  duplicate key value violates unique constraint "users_csub_id_key" in /home/foodpantry/public_html/StudentReg.php on line 84
[15-Apr-2018 12:49:29] PHP Warning:  pg_query(): Query failed: ERROR:  duplicate key value violates unique constraint "users_csub_id_key" in /home/foodpantry/public_html/StudentReg.php on line 84
[15-Apr-2018 14:04:56] PHP Notice:  Undefined variable: resuilt in /home/foodpantry/public_html/loginCon.php on line 38
[15-Apr-2018 14:04:56] PHP Warning:  pg_fetch_array() expects parameter 1 to be resource, null given in /home/foodpantry/public_html/loginCon.php on line 38
[15-Apr-2018 14:55:19] PHP Parse error:  syntax error, unexpected T_CONSTANT_ENCAPSED_STRING, expecting ',' or ';' in /home/foodpantry/public_html/StudentRegBody.php on line 27
[15-Apr-2018 14:56:24] PHP Notice:  Undefined variable: sentfirstname in /home/foodpantry/public_html/StudentRegBody.php on line 27
[15-Apr-2018 14:56:30] PHP Notice:  Undefined variable: sentfirstname in /home/foodpantry/public_html/StudentRegBody.php on line 27
[15-Apr-2018 14:57:38] PHP Notice:  Undefined index: q1 in /home/foodpantry/public_html/StudentReg.php on line 135
[15-Apr-2018 14:57:38] PHP Notice:  Undefined index: q2 in /home/foodpantry/public_html/StudentReg.php on line 136
[15-Apr-2018 14:57:38] PHP Notice:  Undefined index: q3 in /home/foodpantry/public_html/StudentReg.php on line 137
[15-Apr-2018 14:57:38] PHP Notice:  Undefined index: q4 in /home/foodpantry/public_html/StudentReg.php on line 138
[15-Apr-2018 14:57:38] PHP Notice:  Undefined index: q6 in /home/foodpantry/public_html/StudentReg.php on line 139
[15-Apr-2018 14:57:38] PHP Notice:  Undefined variable: sentfirstname in /home/foodpantry/public_html/StudentRegBody.php on line 27
[15-Apr-2018 14:57:44] PHP Notice:  Undefined index: q1 in /home/foodpantry/public_html/StudentReg.php on line 135
[15-Apr-2018 14:57:44] PHP Notice:  Undefined index: q2 in /home/foodpantry/public_html/StudentReg.php on line 136
[15-Apr-2018 14:57:44] PHP Notice:  Undefined index: q3 in /home/foodpantry/public_html/StudentReg.php on line 137
[15-Apr-2018 14:57:44] PHP Notice:  Undefined index: q4 in /home/foodpantry/public_html/StudentReg.php on line 138
[15-Apr-2018 14:57:44] PHP Notice:  Undefined index: q6 in /home/foodpantry/public_html/StudentReg.php on line 139
[15-Apr-2018 14:57:44] PHP Notice:  Undefined variable: sentfirstname in /home/foodpantry/public_html/StudentRegBody.php on line 27
[15-Apr-2018 14:59:02] PHP Notice:  Undefined index: q1 in /home/foodpantry/public_html/StudentReg.php on line 135
[15-Apr-2018 14:59:02] PHP Notice:  Undefined index: q2 in /home/foodpantry/public_html/StudentReg.php on line 136
[15-Apr-2018 14:59:02] PHP Notice:  Undefined index: q3 in /home/foodpantry/public_html/StudentReg.php on line 137
[15-Apr-2018 14:59:02] PHP Notice:  Undefined index: q4 in /home/foodpantry/public_html/StudentReg.php on line 138
[15-Apr-2018 14:59:02] PHP Notice:  Undefined index: q6 in /home/foodpantry/public_html/StudentReg.php on line 139
[15-Apr-2018 14:59:02] PHP Notice:  Undefined variable: sentemail in /home/foodpantry/public_html/StudentRegBody.php on line 27
[15-Apr-2018 14:59:17] PHP Warning:  pg_query(): Query failed: ERROR:  syntax error at or near "ODER"
LINE 3:       ODER BY t_id DESC;
              ^ in /home/foodpantry/public_html/loginCon.php on line 50
[15-Apr-2018 14:59:17] PHP Warning:  pg_fetch_array() expects parameter 1 to be resource, boolean given in /home/foodpantry/public_html/loginCon.php on line 52
[15-Apr-2018 14:59:26] PHP Notice:  Undefined index: q1 in /home/foodpantry/public_html/StudentReg.php on line 135
[15-Apr-2018 14:59:26] PHP Notice:  Undefined index: q2 in /home/foodpantry/public_html/StudentReg.php on line 136
[15-Apr-2018 14:59:26] PHP Notice:  Undefined index: q3 in /home/foodpantry/public_html/StudentReg.php on line 137
[15-Apr-2018 14:59:26] PHP Notice:  Undefined index: q4 in /home/foodpantry/public_html/StudentReg.php on line 138
[15-Apr-2018 14:59:26] PHP Notice:  Undefined index: q6 in /home/foodpantry/public_html/StudentReg.php on line 139
[15-Apr-2018 14:59:26] PHP Notice:  Undefined variable: sentemail in /home/foodpantry/public_html/StudentRegBody.php on line 27
[15-Apr-2018 14:59:32] PHP Notice:  Undefined index: q1 in /home/foodpantry/public_html/StudentReg.php on line 135
[15-Apr-2018 14:59:32] PHP Notice:  Undefined index: q2 in /home/foodpantry/public_html/StudentReg.php on line 136
[15-Apr-2018 14:59:32] PHP Notice:  Undefined index: q3 in /home/foodpantry/public_html/StudentReg.php on line 137
[15-Apr-2018 14:59:32] PHP Notice:  Undefined index: q4 in /home/foodpantry/public_html/StudentReg.php on line 138
[15-Apr-2018 14:59:32] PHP Notice:  Undefined index: q6 in /home/foodpantry/public_html/StudentReg.php on line 139
[15-Apr-2018 14:59:32] PHP Notice:  Undefined variable: sentemail in /home/foodpantry/public_html/StudentRegBody.php on line 27
[15-Apr-2018 15:00:07] PHP Warning:  pg_query(): Query failed: ERROR:  syntax error at or near "ODER"
LINE 3:       ODER BY t_id DESC;
              ^ in /home/foodpantry/public_html/loginCon.php on line 50
[15-Apr-2018 15:00:07] PHP Warning:  pg_fetch_array() expects parameter 1 to be resource, boolean given in /home/foodpantry/public_html/loginCon.php on line 52
[15-Apr-2018 15:01:50] PHP Notice:  Undefined variable: sentfirstname in /home/foodpantry/public_html/StudentRegBody.php on line 27
[15-Apr-2018 15:01:56] PHP Notice:  Undefined variable: sentfirstname in /home/foodpantry/public_html/StudentRegBody.php on line 27
[15-Apr-2018 15:02:57] PHP Notice:  Undefined variable: sentfirstname in /home/foodpantry/public_html/StudentRegBody.php on line 27
[15-Apr-2018 15:03:00] PHP Notice:  Undefined variable: sentfirstname in /home/foodpantry/public_html/StudentRegBody.php on line 27
[15-Apr-2018 15:03:06] PHP Notice:  Undefined variable: sentfirstname in /home/foodpantry/public_html/StudentRegBody.php on line 27
[15-Apr-2018 15:03:54] PHP Notice:  Undefined variable: sentfirstname in /home/foodpantry/public_html/StudentRegBody.php on line 27
[15-Apr-2018 15:04:03] PHP Notice:  Undefined variable: sentfirstname in /home/foodpantry/public_html/StudentRegBody.php on line 27
[15-Apr-2018 15:04:13] PHP Notice:  Undefined variable: row in /home/foodpantry/public_html/loginCon.php on line 40
[15-Apr-2018 15:06:33] PHP Parse error:  syntax error, unexpected '{' in /home/foodpantry/public_html/StudentReg.php on line 128
[15-Apr-2018 15:07:02] PHP Notice:  Undefined variable: sentfirstname in /home/foodpantry/public_html/StudentRegBody.php on line 27
[15-Apr-2018 15:07:08] PHP Notice:  Undefined variable: sentfirstname in /home/foodpantry/public_html/StudentRegBody.php on line 27
[15-Apr-2018 15:07:27] PHP Notice:  Undefined variable: sentfirstname in /home/foodpantry/public_html/StudentRegBody.php on line 27
[15-Apr-2018 15:11:13] PHP Notice:  Undefined variable: sentfirstname in /home/foodpantry/public_html/StudentRegBody.php on line 27
[15-Apr-2018 15:11:16] PHP Notice:  Undefined variable: row in /home/foodpantry/public_html/loginCon.php on line 40
[15-Apr-2018 15:11:16] PHP Warning:  pg_query(): Query failed: ERROR:  syntax error at or near "ODER"
LINE 3:       ODER BY t_id DESC;
              ^ in /home/foodpantry/public_html/loginCon.php on line 52
[15-Apr-2018 15:11:16] PHP Warning:  pg_fetch_array() expects parameter 1 to be resource, boolean given in /home/foodpantry/public_html/loginCon.php on line 56
[15-Apr-2018 15:11:23] PHP Notice:  Undefined variable: sentfirstname in /home/foodpantry/public_html/StudentRegBody.php on line 27
[15-Apr-2018 15:12:45] PHP Notice:  Undefined variable: sentfirstname in /home/foodpantry/public_html/StudentReg.php on line 161
[15-Apr-2018 15:12:45] PHP Notice:  Undefined variable: sentfirstname in /home/foodpantry/public_html/StudentRegBody.php on line 27
[15-Apr-2018 15:14:11] PHP Notice:  Undefined index: fname in /home/foodpantry/public_html/StudentReg.php on line 11
[15-Apr-2018 15:14:11] PHP Notice:  Undefined index: fname in /home/foodpantry/public_html/StudentReg.php on line 11
[15-Apr-2018 15:14:11] PHP Notice:  Undefined index: fname in /home/foodpantry/public_html/StudentReg.php on line 11
[15-Apr-2018 15:14:11] PHP Notice:  Undefined index: fname in /home/foodpantry/public_html/StudentReg.php on line 11
[15-Apr-2018 15:14:11] PHP Notice:  Undefined index: fname in /home/foodpantry/public_html/StudentReg.php on line 11
[15-Apr-2018 15:14:11] PHP Notice:  Undefined index: fname in /home/foodpantry/public_html/StudentReg.php on line 11
[15-Apr-2018 15:14:11] PHP Notice:  Undefined index: fname in /home/foodpantry/public_html/StudentReg.php on line 11
[15-Apr-2018 15:14:11] PHP Notice:  Undefined index: fname in /home/foodpantry/public_html/StudentReg.php on line 11
[15-Apr-2018 15:14:19] PHP Notice:  Undefined index: fname in /home/foodpantry/public_html/StudentReg.php on line 11
[15-Apr-2018 15:14:19] PHP Notice:  Undefined index: fname in /home/foodpantry/public_html/StudentReg.php on line 11
[15-Apr-2018 15:14:19] PHP Notice:  Undefined index: fname in /home/foodpantry/public_html/StudentReg.php on line 11
[15-Apr-2018 15:14:19] PHP Notice:  Undefined index: fname in /home/foodpantry/public_html/StudentReg.php on line 11
[15-Apr-2018 15:14:19] PHP Notice:  Undefined index: fname in /home/foodpantry/public_html/StudentReg.php on line 11
[15-Apr-2018 15:14:19] PHP Notice:  Undefined index: fname in /home/foodpantry/public_html/StudentReg.php on line 11
[15-Apr-2018 15:14:19] PHP Notice:  Undefined index: fname in /home/foodpantry/public_html/StudentReg.php on line 11
[15-Apr-2018 15:15:13] PHP Notice:  Undefined variable: sentfirstname in /home/foodpantry/public_html/StudentRegBody.php on line 27
[15-Apr-2018 15:15:13] PHP Notice:  Undefined variable: sentfirstname in /home/foodpantry/public_html/StudentRegBody.php on line 27
[15-Apr-2018 15:15:13] PHP Notice:  Undefined variable: sentfirstname in /home/foodpantry/public_html/StudentRegBody.php on line 27
[15-Apr-2018 15:15:13] PHP Notice:  Undefined variable: sentfirstname in /home/foodpantry/public_html/StudentRegBody.php on line 27
[15-Apr-2018 15:15:13] PHP Notice:  Undefined variable: sentfirstname in /home/foodpantry/public_html/StudentRegBody.php on line 27
[15-Apr-2018 15:15:13] PHP Notice:  Undefined variable: sentfirstname in /home/foodpantry/public_html/StudentRegBody.php on line 27
[15-Apr-2018 15:15:13] PHP Notice:  Undefined variable: sentfirstname in /home/foodpantry/public_html/StudentRegBody.php on line 27
[15-Apr-2018 15:15:14] PHP Notice:  Undefined variable: sentfirstname in /home/foodpantry/public_html/StudentRegBody.php on line 27
[15-Apr-2018 15:15:14] PHP Notice:  Undefined variable: sentfirstname in /home/foodpantry/public_html/StudentRegBody.php on line 27
[15-Apr-2018 15:15:14] PHP Notice:  Undefined variable: sentfirstname in /home/foodpantry/public_html/StudentRegBody.php on line 27
[15-Apr-2018 15:15:14] PHP Notice:  Undefined variable: sentfirstname in /home/foodpantry/public_html/StudentRegBody.php on line 27
[15-Apr-2018 15:15:14] PHP Notice:  Undefined variable: sentfirstname in /home/foodpantry/public_html/StudentRegBody.php on line 27
[15-Apr-2018 15:15:14] PHP Notice:  Undefined variable: sentfirstname in /home/foodpantry/public_html/StudentRegBody.php on line 27
[15-Apr-2018 15:15:14] PHP Notice:  Undefined variable: sentfirstname in /home/foodpantry/public_html/StudentRegBody.php on line 27
[15-Apr-2018 15:15:34] PHP Notice:  Undefined variable: sentfirstname in /home/foodpantry/public_html/StudentRegBody.php on line 27
[15-Apr-2018 15:15:35] PHP Notice:  Undefined variable: sentfirstname in /home/foodpantry/public_html/StudentRegBody.php on line 27
[15-Apr-2018 15:15:35] PHP Notice:  Undefined variable: sentfirstname in /home/foodpantry/public_html/StudentRegBody.php on line 27
[15-Apr-2018 15:15:35] PHP Notice:  Undefined variable: sentfirstname in /home/foodpantry/public_html/StudentRegBody.php on line 27
[15-Apr-2018 15:15:35] PHP Notice:  Undefined variable: sentfirstname in /home/foodpantry/public_html/StudentRegBody.php on line 27
[15-Apr-2018 15:15:35] PHP Notice:  Undefined variable: sentfirstname in /home/foodpantry/public_html/StudentRegBody.php on line 27
[15-Apr-2018 15:15:35] PHP Notice:  Undefined variable: sentfirstname in /home/foodpantry/public_html/StudentRegBody.php on line 27
[15-Apr-2018 15:16:47] PHP Notice:  Undefined variable: sentfirstname in /home/foodpantry/public_html/StudentRegBody.php on line 27
[15-Apr-2018 15:16:47] PHP Notice:  Undefined variable: sentfirstname in /home/foodpantry/public_html/StudentRegBody.php on line 27
[15-Apr-2018 15:16:47] PHP Notice:  Undefined variable: sentfirstname in /home/foodpantry/public_html/StudentRegBody.php on line 27
[15-Apr-2018 15:16:47] PHP Notice:  Undefined variable: sentfirstname in /home/foodpantry/public_html/StudentRegBody.php on line 27
[15-Apr-2018 15:16:47] PHP Notice:  Undefined variable: sentfirstname in /home/foodpantry/public_html/StudentRegBody.php on line 27
[15-Apr-2018 15:16:47] PHP Notice:  Undefined variable: sentfirstname in /home/foodpantry/public_html/StudentRegBody.php on line 27
[15-Apr-2018 15:16:47] PHP Notice:  Undefined variable: sentfirstname in /home/foodpantry/public_html/StudentRegBody.php on line 27
[15-Apr-2018 15:17:06] PHP Notice:  Undefined variable: sentfirstname in /home/foodpantry/public_html/StudentRegBody.php on line 27
[15-Apr-2018 15:17:12] PHP Notice:  Undefined variable: sentfirstname in /home/foodpantry/public_html/StudentRegBody.php on line 27
[15-Apr-2018 15:17:12] PHP Notice:  Undefined variable: sentfirstname in /home/foodpantry/public_html/StudentRegBody.php on line 27
[15-Apr-2018 15:17:12] PHP Notice:  Undefined variable: sentfirstname in /home/foodpantry/public_html/StudentRegBody.php on line 27
[15-Apr-2018 15:17:12] PHP Notice:  Undefined variable: sentfirstname in /home/foodpantry/public_html/StudentRegBody.php on line 27
[15-Apr-2018 15:17:12] PHP Notice:  Undefined variable: sentfirstname in /home/foodpantry/public_html/StudentRegBody.php on line 27
[15-Apr-2018 15:17:12] PHP Notice:  Undefined variable: sentfirstname in /home/foodpantry/public_html/StudentRegBody.php on line 27
[15-Apr-2018 15:17:12] PHP Notice:  Undefined variable: sentfirstname in /home/foodpantry/public_html/StudentRegBody.php on line 27
[15-Apr-2018 15:17:16] PHP Notice:  Undefined variable: sentfirstname in /home/foodpantry/public_html/StudentRegBody.php on line 27
[15-Apr-2018 15:17:39] PHP Notice:  Undefined variable: sentfirstname in /home/foodpantry/public_html/StudentRegBody.php on line 27
[15-Apr-2018 15:17:59] PHP Notice:  Undefined variable: sentfirstname in /home/foodpantry/public_html/StudentRegBody.php on line 27
[15-Apr-2018 15:18:13] PHP Notice:  Undefined variable: sentfirstname in /home/foodpantry/public_html/StudentRegBody.php on line 27
[15-Apr-2018 15:20:01] PHP Notice:  Undefined variable: sentfirstname in /home/foodpantry/public_html/StudentRegBody.php on line 27
[15-Apr-2018 15:25:08] PHP Notice:  Undefined variable: sentfirstname in /home/foodpantry/public_html/StudentRegBody.php on line 27
[15-Apr-2018 15:25:08] PHP Notice:  Undefined variable: sentlastname in /home/foodpantry/public_html/StudentRegBody.php on line 31
[15-Apr-2018 15:25:08] PHP Notice:  Undefined variable: sentemail in /home/foodpantry/public_html/StudentRegBody.php on line 39
[15-Apr-2018 15:25:08] PHP Notice:  Undefined variable: sentrid in /home/foodpantry/public_html/StudentRegBody.php on line 46
[15-Apr-2018 15:26:07] PHP Notice:  Undefined variable: sentrid in /home/foodpantry/public_html/StudentRegBody.php on line 46
[15-Apr-2018 15:28:22] PHP Notice:  Undefined variable: sentfirstname in /home/foodpantry/public_html/StudentRegBody.php on line 27
[15-Apr-2018 15:28:22] PHP Notice:  Undefined variable: sentlastname in /home/foodpantry/public_html/StudentRegBody.php on line 31
[15-Apr-2018 15:28:22] PHP Notice:  Undefined variable: sentemail in /home/foodpantry/public_html/StudentRegBody.php on line 39
[15-Apr-2018 15:28:22] PHP Notice:  Undefined variable: sentrid in /home/foodpantry/public_html/StudentRegBody.php on line 46
[15-Apr-2018 15:28:22] PHP Notice:  Undefined variable: sentphone in /home/foodpantry/public_html/StudentRegBody.php on line 114
[15-Apr-2018 16:58:56] PHP Notice:  Undefined variable: sentfirstname in /home/foodpantry/public_html/StudentRegBody.php on line 27
[15-Apr-2018 16:58:56] PHP Notice:  Undefined variable: sentlastname in /home/foodpantry/public_html/StudentRegBody.php on line 31
[15-Apr-2018 16:58:56] PHP Notice:  Undefined variable: sentemail in /home/foodpantry/public_html/StudentRegBody.php on line 39
[15-Apr-2018 16:58:56] PHP Notice:  Undefined variable: sentrid in /home/foodpantry/public_html/StudentRegBody.php on line 46
[15-Apr-2018 16:58:56] PHP Notice:  Undefined variable: sentphone in /home/foodpantry/public_html/StudentRegBody.php on line 114
[16-Apr-2018 12:04:33] PHP Notice:  Undefined variable: sentfirstname in /home/foodpantry/public_html/StudentRegBody.php on line 27
[16-Apr-2018 12:04:33] PHP Notice:  Undefined variable: sentlastname in /home/foodpantry/public_html/StudentRegBody.php on line 31
[16-Apr-2018 12:04:33] PHP Notice:  Undefined variable: sentemail in /home/foodpantry/public_html/StudentRegBody.php on line 39
[16-Apr-2018 12:04:33] PHP Notice:  Undefined variable: sentrid in /home/foodpantry/public_html/StudentRegBody.php on line 46
[16-Apr-2018 12:04:33] PHP Notice:  Undefined variable: sentphone in /home/foodpantry/public_html/StudentRegBody.php on line 114
[16-Apr-2018 12:04:42] PHP Parse error:  syntax error, unexpected T_VARIABLE in /home/foodpantry/public_html/loginCon.php on line 53
[16-Apr-2018 13:58:15] PHP Notice:  Undefined variable: sentfirstname in /home/foodpantry/public_html/StudentRegBody.php on line 27
[16-Apr-2018 13:58:15] PHP Notice:  Undefined variable: sentlastname in /home/foodpantry/public_html/StudentRegBody.php on line 31
[16-Apr-2018 13:58:15] PHP Notice:  Undefined variable: sentemail in /home/foodpantry/public_html/StudentRegBody.php on line 39
[16-Apr-2018 13:58:15] PHP Notice:  Undefined variable: sentrid in /home/foodpantry/public_html/StudentRegBody.php on line 46
[16-Apr-2018 13:58:15] PHP Notice:  Undefined variable: sentphone in /home/foodpantry/public_html/StudentRegBody.php on line 114
[16-Apr-2018 13:59:14] PHP Notice:  Undefined variable: sentfirstname in /home/foodpantry/public_html/StudentRegBody.php on line 27
[16-Apr-2018 13:59:14] PHP Notice:  Undefined variable: sentlastname in /home/foodpantry/public_html/StudentRegBody.php on line 31
[16-Apr-2018 13:59:14] PHP Notice:  Undefined variable: sentemail in /home/foodpantry/public_html/StudentRegBody.php on line 39
[16-Apr-2018 13:59:14] PHP Notice:  Undefined variable: sentrid in /home/foodpantry/public_html/StudentRegBody.php on line 46
[16-Apr-2018 13:59:14] PHP Notice:  Undefined variable: sentphone in /home/foodpantry/public_html/StudentRegBody.php on line 114
[16-Apr-2018 14:01:16] PHP Warning:  pg_query(): Query failed: ERROR:  duplicate key value violates unique constraint "users_csub_id_key" in /home/foodpantry/public_html/StudentReg.php on line 95
[16-Apr-2018 14:01:39] PHP Warning:  pg_query(): Query failed: ERROR:  duplicate key value violates unique constraint "users_csub_id_key" in /home/foodpantry/public_html/StudentReg.php on line 95
[16-Apr-2018 14:07:40] PHP Notice:  Undefined variable: sentfirstname in /home/foodpantry/public_html/StudentRegBody.php on line 27
[16-Apr-2018 14:07:40] PHP Notice:  Undefined variable: sentlastname in /home/foodpantry/public_html/StudentRegBody.php on line 31
[16-Apr-2018 14:07:40] PHP Notice:  Undefined variable: sentemail in /home/foodpantry/public_html/StudentRegBody.php on line 39
[16-Apr-2018 14:07:40] PHP Notice:  Undefined variable: sentrid in /home/foodpantry/public_html/StudentRegBody.php on line 46
[16-Apr-2018 14:07:40] PHP Notice:  Undefined variable: sentphone in /home/foodpantry/public_html/StudentRegBody.php on line 114
[16-Apr-2018 14:10:34] PHP Parse error:  syntax error, unexpected '.' in /home/foodpantry/public_html/loginCon.php on line 80
[16-Apr-2018 14:10:38] PHP Parse error:  syntax error, unexpected '.' in /home/foodpantry/public_html/loginCon.php on line 80
[16-Apr-2018 14:13:01] PHP Notice:  Undefined variable: sentfirstname in /home/foodpantry/public_html/StudentRegBody.php on line 27
[16-Apr-2018 14:13:01] PHP Notice:  Undefined variable: sentlastname in /home/foodpantry/public_html/StudentRegBody.php on line 31
[16-Apr-2018 14:13:01] PHP Notice:  Undefined variable: sentemail in /home/foodpantry/public_html/StudentRegBody.php on line 39
[16-Apr-2018 14:13:01] PHP Notice:  Undefined variable: sentrid in /home/foodpantry/public_html/StudentRegBody.php on line 46
[16-Apr-2018 14:13:01] PHP Notice:  Undefined variable: sentphone in /home/foodpantry/public_html/StudentRegBody.php on line 114
[16-Apr-2018 14:39:09] PHP Notice:  Undefined variable: sentfirstname in /home/foodpantry/public_html/StudentRegBody.php on line 27
[16-Apr-2018 14:39:09] PHP Notice:  Undefined variable: sentlastname in /home/foodpantry/public_html/StudentRegBody.php on line 31
[16-Apr-2018 14:39:09] PHP Notice:  Undefined variable: sentemail in /home/foodpantry/public_html/StudentRegBody.php on line 39
[16-Apr-2018 14:39:09] PHP Notice:  Undefined variable: sentrid in /home/foodpantry/public_html/StudentRegBody.php on line 46
[16-Apr-2018 14:39:09] PHP Notice:  Undefined variable: sentphone in /home/foodpantry/public_html/StudentRegBody.php on line 114
[16-Apr-2018 16:23:16] PHP Notice:  Undefined variable: sentfirstname in /home/foodpantry/public_html/StudentRegBody.php on line 27
[16-Apr-2018 16:23:16] PHP Notice:  Undefined variable: sentlastname in /home/foodpantry/public_html/StudentRegBody.php on line 31
[16-Apr-2018 16:23:16] PHP Notice:  Undefined variable: sentemail in /home/foodpantry/public_html/StudentRegBody.php on line 39
[16-Apr-2018 16:23:16] PHP Notice:  Undefined variable: sentrid in /home/foodpantry/public_html/StudentRegBody.php on line 46
[16-Apr-2018 16:23:16] PHP Notice:  Undefined variable: sentphone in /home/foodpantry/public_html/StudentRegBody.php on line 114
[16-Apr-2018 16:25:09] PHP Notice:  Undefined variable: sentfirstname in /home/foodpantry/public_html/StudentRegBody.php on line 27
[16-Apr-2018 16:25:09] PHP Notice:  Undefined variable: sentlastname in /home/foodpantry/public_html/StudentRegBody.php on line 31
[16-Apr-2018 16:25:09] PHP Notice:  Undefined variable: sentemail in /home/foodpantry/public_html/StudentRegBody.php on line 39
[16-Apr-2018 16:25:09] PHP Notice:  Undefined variable: sentrid in /home/foodpantry/public_html/StudentRegBody.php on line 46
[16-Apr-2018 16:25:09] PHP Notice:  Undefined variable: sentphone in /home/foodpantry/public_html/StudentRegBody.php on line 114
[18-Apr-2018 12:20:50] PHP Warning:  pg_query(): Query failed: ERROR:  syntax error at or near "ASC"
LINE 1: ...ount(major) as amount, major  from users group by major ASC;
                                                                   ^ in /home/foodpantry/public_html/index.php on line 1316
[18-Apr-2018 12:20:50] PHP Warning:  pg_fetch_array() expects parameter 1 to be resource, boolean given in /home/foodpantry/public_html/index.php on line 1317
[18-Apr-2018 15:00:53] PHP Warning:  pg_query(): Query failed: ERROR:  syntax error at or near "ASC"
LINE 1: ...ount(major) as amount, major  from users group by major ASC;
                                                                   ^ in /home/foodpantry/public_html/index.php on line 1316
[18-Apr-2018 15:00:53] PHP Warning:  pg_fetch_array() expects parameter 1 to be resource, boolean given in /home/foodpantry/public_html/index.php on line 1317
[18-Apr-2018 15:00:58] PHP Warning:  pg_query(): Query failed: ERROR:  syntax error at or near "ASC"
LINE 1: ...ount(major) as amount, major  from users group by major ASC;
                                                                   ^ in /home/foodpantry/public_html/index.php on line 1316
[18-Apr-2018 15:00:58] PHP Warning:  pg_fetch_array() expects parameter 1 to be resource, boolean given in /home/foodpantry/public_html/index.php on line 1317
[18-Apr-2018 15:53:23] PHP Warning:  pg_query(): Query failed: ERROR:  syntax error at or near "ASC"
LINE 1: ...ount(major) as amount, major  from users group by major ASC;
                                                                   ^ in /home/foodpantry/public_html/index.php on line 1316
[18-Apr-2018 15:53:23] PHP Warning:  pg_fetch_array() expects parameter 1 to be resource, boolean given in /home/foodpantry/public_html/index.php on line 1317
[18-Apr-2018 21:04:22] PHP Warning:  pg_query(): Query failed: ERROR:  syntax error at or near "ASC"
LINE 1: ...ount(major) as amount, major  from users group by major ASC;
                                                                   ^ in /home/foodpantry/public_html/index.php on line 1316
[18-Apr-2018 21:04:22] PHP Warning:  pg_fetch_array() expects parameter 1 to be resource, boolean given in /home/foodpantry/public_html/index.php on line 1317
[18-Apr-2018 21:04:31] PHP Warning:  pg_query(): Query failed: ERROR:  syntax error at or near "ASC"
LINE 1: ...ount(major) as amount, major  from users group by major ASC;
                                                                   ^ in /home/foodpantry/public_html/index.php on line 1316
[18-Apr-2018 21:04:31] PHP Warning:  pg_fetch_array() expects parameter 1 to be resource, boolean given in /home/foodpantry/public_html/index.php on line 1317
[19-Apr-2018 10:23:23] PHP Warning:  pg_query(): Query failed: ERROR:  syntax error at or near "ASC"
LINE 1: ...ount(major) as amount, major  from users group by major ASC;
                                                                   ^ in /home/foodpantry/public_html/index.php on line 1316
[19-Apr-2018 10:23:23] PHP Warning:  pg_fetch_array() expects parameter 1 to be resource, boolean given in /home/foodpantry/public_html/index.php on line 1317
[19-Apr-2018 17:30:49] PHP Warning:  pg_query(): Query failed: ERROR:  syntax error at or near "ASC"
LINE 1: ...ount(major) as amount, major  from users group by major ASC;
                                                                   ^ in /home/foodpantry/public_html/index.php on line 1316
[19-Apr-2018 17:30:49] PHP Warning:  pg_fetch_array() expects parameter 1 to be resource, boolean given in /home/foodpantry/public_html/index.php on line 1317
[20-Apr-2018 14:34:03] PHP Warning:  pg_query(): Query failed: ERROR:  syntax error at or near "ASC"
LINE 1: ...ount(major) as amount, major  from users group by major ASC;
                                                                   ^ in /home/foodpantry/public_html/index.php on line 1050
[20-Apr-2018 14:34:03] PHP Warning:  pg_fetch_array() expects parameter 1 to be resource, boolean given in /home/foodpantry/public_html/index.php on line 1053
[20-Apr-2018 15:15:19] PHP Warning:  pg_query(): Query failed: ERROR:  syntax error at or near "ASC"
LINE 1: ...ount(major) as amount, major  from users group by major ASC;
                                                                   ^ in /home/foodpantry/public_html/index.php on line 1050
[20-Apr-2018 15:15:19] PHP Warning:  pg_fetch_array() expects parameter 1 to be resource, boolean given in /home/foodpantry/public_html/index.php on line 1053
[20-Apr-2018 15:19:21] PHP Warning:  pg_query(): Query failed: ERROR:  syntax error at or near "ASC"
LINE 1: ...ount(major) as amount, major  from users group by major ASC;
                                                                   ^ in /home/foodpantry/public_html/index.php on line 1050
[20-Apr-2018 15:19:21] PHP Warning:  pg_fetch_array() expects parameter 1 to be resource, boolean given in /home/foodpantry/public_html/index.php on line 1053
[20-Apr-2018 21:47:40] PHP Warning:  pg_query(): Query failed: ERROR:  syntax error at or near "ASC"
LINE 1: ...ount(major) as amount, major  from users group by major ASC;
                                                                   ^ in /home/foodpantry/public_html/index.php on line 1050
[20-Apr-2018 21:47:40] PHP Warning:  pg_fetch_array() expects parameter 1 to be resource, boolean given in /home/foodpantry/public_html/index.php on line 1053
[23-Apr-2018 16:27:14] PHP Fatal error:  Call to undefined function session() in /home/foodpantry/public_html/index.php on line 1
[23-Apr-2018 16:27:17] PHP Fatal error:  Call to undefined function session() in /home/foodpantry/public_html/index.php on line 1
